<?xml version="1.0" encoding="UTF-8"?>
<!-- Generated by org.testng.reporters.JUnitReportReporter -->
<testsuite hostname="SSAISRINIVAS" failures="0" tests="1" name="tests.TS_UrlTest_001" time="3.378" errors="0" timestamp="2024-07-18T14:48:08 IST" skipped="0">
  <testcase classname="tests.TS_UrlTest_001" name="tc_01" time="3.378"/>
</testsuite> <!-- tests.TS_UrlTest_001 -->
