<?xml version="1.0" encoding="UTF-8"?>
<!-- Generated by org.testng.reporters.JUnitReportReporter -->
<testsuite hostname="SSAISRINIVAS" failures="0" tests="1" name="tests.TS_HomePageTest_002" time="7.536" errors="0" timestamp="2024-07-18T14:54:27 IST" skipped="0">
  <testcase classname="tests.TS_HomePageTest_002" name="tc_001" time="7.536"/>
</testsuite> <!-- tests.TS_HomePageTest_002 -->
