<?xml version="1.0" encoding="UTF-8"?>
<!-- Generated by org.testng.reporters.JUnitReportReporter -->
<testsuite hostname="SSAISRINIVAS" failures="0" tests="2" name="tests.TS_FacebookLoginPageValidation_001" time="11.369" errors="0" timestamp="2024-07-18T16:35:31 IST" skipped="0">
  <testcase classname="tests.TS_FacebookLoginPageValidation_001" name="tc_001" time="11.337"/>
  <testcase classname="tests.TS_FacebookLoginPageValidation_001" name="tc_002" time="0.032"/>
</testsuite> <!-- tests.TS_FacebookLoginPageValidation_001 -->
