<?xml version="1.0" encoding="UTF-8"?>
<!-- Generated by org.testng.reporters.JUnitReportReporter -->
<testsuite hostname="SSAISRINIVAS" failures="0" tests="1" name="com.pomdemo.TestMain" time="34.245" errors="0" timestamp="2024-07-18T12:14:30 IST" skipped="0">
  <testcase classname="com.pomdemo.TestMain" name="alertPopup" time="34.245"/>
</testsuite> <!-- com.pomdemo.TestMain -->
